Using pre-set license
Built from '2020.2/release' branch; Version is '2020.2.1f1 (270dd8c3da1c) revision 2559448'; Using compiler version '192528614'; Build Type 'Release'
OS: 'Windows 10  (10.0.0) 64bit' Language: 'en' Physical Memory: 16333 MB
BatchMode: 1, IsHumanControllingUs: 0, StartBugReporterOnCrash: 0, Is64bit: 1, IsPro: 0

 COMMAND LINE ARGUMENTS:
C:\UnityEditors\2020.2.1f1\Editor\Unity.exe
-adb2
-batchMode
-noUpm
-name
AssetImportWorker0
-projectPath
C:/Users/Tayfun/Documents/GitHub/GameJam2021/Lost
-logFile
Logs/AssetImportWorker0.log
-srvPort
56379
Successfully changed project path to: C:/Users/Tayfun/Documents/GitHub/GameJam2021/Lost
C:/Users/Tayfun/Documents/GitHub/GameJam2021/Lost
Using Asset Import Pipeline V2.
Refreshing native plugins compatible for Editor in 40.36 ms, found 0 plugins.
Preloading 0 native plugins for Editor in 0.00 ms.
Initialize engine version: 2020.2.1f1 (270dd8c3da1c)
[Subsystems] Discovering subsystems at path C:/UnityEditors/2020.2.1f1/Editor/Data/Resources/UnitySubsystems
[Subsystems] Discovering subsystems at path C:/Users/Tayfun/Documents/GitHub/GameJam2021/Lost/Assets
GfxDevice: creating device client; threaded=0
Direct3D:
    Version:  Direct3D 11.0 [level 11.1]
    Renderer: NVIDIA GeForce GTX 1660 (ID=0x2184)
    Vendor:   
    VRAM:     5991 MB
    Driver:   27.21.14.6089
Shader 'Universal Render Pipeline/Particles/Lit': fallback shader 'Universal Render Pipeline/Particles/SimpleLit' not found
Initialize mono
Mono path[0] = 'C:/UnityEditors/2020.2.1f1/Editor/Data/Managed'
Mono path[1] = 'C:/UnityEditors/2020.2.1f1/Editor/Data/MonoBleedingEdge/lib/mono/unityjit'
Mono config path = 'C:/UnityEditors/2020.2.1f1/Editor/Data/MonoBleedingEdge/etc'
Using monoOptions --debugger-agent=transport=dt_socket,embedding=1,server=y,suspend=n,address=127.0.0.1:56352
Begin MonoManager ReloadAssembly
Registering precompiled unity dll's ...
Register platform support module: C:/UnityEditors/2020.2.1f1/Editor/Data/PlaybackEngines/WindowsStandaloneSupport/UnityEditor.WindowsStandalone.Extensions.dll
Registered in 0.001491 seconds.
Native extension for WindowsStandalone target not found
Refreshing native plugins compatible for Editor in 40.72 ms, found 0 plugins.
Preloading 0 native plugins for Editor in 0.00 ms.
Invoked RoslynAnalysisRunner static constructor.
RoslynAnalysisRunner will not be running.
RoslynAnalysisRunner has terminated.
Mono: successfully reloaded assembly
- Completed reload, in  1.427 seconds
Platform modules already initialized, skipping
Registering precompiled user dll's ...
Registered in 0.001048 seconds.
Begin MonoManager ReloadAssembly
Native extension for WindowsStandalone target not found
Refreshing native plugins compatible for Editor in 45.49 ms, found 0 plugins.
Preloading 0 native plugins for Editor in 0.00 ms.
Invoked RoslynAnalysisRunner static constructor.
RoslynAnalysisRunner will not be running.
RoslynAnalysisRunner has terminated.
Mono: successfully reloaded assembly
- Completed reload, in  0.825 seconds
Platform modules already initialized, skipping
========================================================================
Worker process is ready to serve import requests
Shader 'Universal Render Pipeline/Particles/Lit': fallback shader 'Universal Render Pipeline/Particles/SimpleLit' not found
Launched and connected shader compiler UnityShaderCompiler.exe after 0.03 seconds
Refreshing native plugins compatible for Editor in 0.51 ms, found 0 plugins.
Preloading 0 native plugins for Editor in 0.00 ms.
Unloading 2531 Unused Serialized files (Serialized files now loaded: 0)
System memory in use before: 118.5 MB.
System memory in use after: 118.7 MB.

Unloading 11 unused Assets to reduce memory usage. Loaded Objects now: 2976.
Total: 2.045300 ms (FindLiveObjects: 0.299200 ms CreateObjectMapping: 0.072000 ms MarkObjects: 1.622500 ms  DeleteObjects: 0.050800 ms)

========================================================================
Received Import Request.
  path: Assets/Scripts/Helper
  artifactKey: Guid(81a30504e59a66442a151787c38f7314) Importer(815301076,1909f56bfc062723c751e8b465ee728b)
Start importing Assets/Scripts/Helper using Guid(81a30504e59a66442a151787c38f7314) Importer(815301076,1909f56bfc062723c751e8b465ee728b)  -> (artifact id: 'e3614ee4da32e2b2306d1a7d0544fb5b') in 0.009142 seconds
  Import took 0.013009 seconds .

========================================================================
Received Import Request.
  Time since last request: 7.751405 seconds.
  path: Assets/Scripts/Helper/Sİngleton.cs
  artifactKey: Guid(3a20cd0fd67f6f34a864caafa4dbddc5) Importer(815301076,1909f56bfc062723c751e8b465ee728b)
Start importing Assets/Scripts/Helper/Sİngleton.cs using Guid(3a20cd0fd67f6f34a864caafa4dbddc5) Importer(815301076,1909f56bfc062723c751e8b465ee728b)  -> (artifact id: 'da55b9d46ad8807243230e583ec8806f') in 0.032865 seconds
  Import took 0.036667 seconds .

========================================================================
Received Prepare
Registering precompiled user dll's ...
Registered in 0.001671 seconds.
Begin MonoManager ReloadAssembly
Native extension for WindowsStandalone target not found
Refreshing native plugins compatible for Editor in 0.51 ms, found 0 plugins.
Preloading 0 native plugins for Editor in 0.00 ms.
Invoked RoslynAnalysisRunner static constructor.
RoslynAnalysisRunner will not be running.
RoslynAnalysisRunner has terminated.
Mono: successfully reloaded assembly
- Completed reload, in  0.777 seconds
Platform modules already initialized, skipping
Shader 'Universal Render Pipeline/Particles/Lit': fallback shader 'Universal Render Pipeline/Particles/SimpleLit' not found
Refreshing native plugins compatible for Editor in 0.51 ms, found 0 plugins.
Preloading 0 native plugins for Editor in 0.00 ms.
Unloading 2420 Unused Serialized files (Serialized files now loaded: 0)
System memory in use before: 113.5 MB.
System memory in use after: 113.8 MB.

Unloading 6 unused Assets to reduce memory usage. Loaded Objects now: 2979.
Total: 2.007700 ms (FindLiveObjects: 0.325800 ms CreateObjectMapping: 0.062100 ms MarkObjects: 1.602400 ms  DeleteObjects: 0.016000 ms)

========================================================================
Received Prepare
Registering precompiled user dll's ...
Registered in 0.001213 seconds.
Begin MonoManager ReloadAssembly
Native extension for WindowsStandalone target not found
Refreshing native plugins compatible for Editor in 0.48 ms, found 0 plugins.
Preloading 0 native plugins for Editor in 0.00 ms.
Invoked RoslynAnalysisRunner static constructor.
RoslynAnalysisRunner will not be running.
RoslynAnalysisRunner has terminated.
Mono: successfully reloaded assembly
- Completed reload, in  0.733 seconds
Platform modules already initialized, skipping
Shader 'Universal Render Pipeline/Particles/Lit': fallback shader 'Universal Render Pipeline/Particles/SimpleLit' not found
Refreshing native plugins compatible for Editor in 0.49 ms, found 0 plugins.
Preloading 0 native plugins for Editor in 0.00 ms.
Unloading 2419 Unused Serialized files (Serialized files now loaded: 0)
System memory in use before: 113.6 MB.
System memory in use after: 113.8 MB.

Unloading 6 unused Assets to reduce memory usage. Loaded Objects now: 2981.
Total: 2.188000 ms (FindLiveObjects: 0.328900 ms CreateObjectMapping: 0.061100 ms MarkObjects: 1.779200 ms  DeleteObjects: 0.017700 ms)

========================================================================
Received Import Request.
  Time since last request: 33.936008 seconds.
  path: Assets/Scripts/Helper/Singleton.cs
  artifactKey: Guid(8eb1533d61569f74d916a2451b3d3763) Importer(815301076,1909f56bfc062723c751e8b465ee728b)
Start importing Assets/Scripts/Helper/Singleton.cs using Guid(8eb1533d61569f74d916a2451b3d3763) Importer(815301076,1909f56bfc062723c751e8b465ee728b)  -> (artifact id: '5dc0fa14f97c12df37a6309596bd2c66') in 0.009817 seconds
  Import took 0.013788 seconds .

========================================================================
Received Prepare
Registering precompiled user dll's ...
Registered in 0.001241 seconds.
Begin MonoManager ReloadAssembly
Native extension for WindowsStandalone target not found
Refreshing native plugins compatible for Editor in 0.70 ms, found 0 plugins.
Preloading 0 native plugins for Editor in 0.00 ms.
Invoked RoslynAnalysisRunner static constructor.
RoslynAnalysisRunner will not be running.
RoslynAnalysisRunner has terminated.
Mono: successfully reloaded assembly
- Completed reload, in  0.836 seconds
Platform modules already initialized, skipping
Shader 'Universal Render Pipeline/Particles/Lit': fallback shader 'Universal Render Pipeline/Particles/SimpleLit' not found
Refreshing native plugins compatible for Editor in 0.72 ms, found 0 plugins.
Preloading 0 native plugins for Editor in 0.00 ms.
Unloading 2420 Unused Serialized files (Serialized files now loaded: 0)
System memory in use before: 113.6 MB.
System memory in use after: 113.8 MB.

Unloading 6 unused Assets to reduce memory usage. Loaded Objects now: 2984.
Total: 2.145600 ms (FindLiveObjects: 0.300600 ms CreateObjectMapping: 0.064200 ms MarkObjects: 1.761700 ms  DeleteObjects: 0.017500 ms)

========================================================================
Received Prepare
Registering precompiled user dll's ...
Registered in 0.002066 seconds.
Begin MonoManager ReloadAssembly
Native extension for WindowsStandalone target not found
Refreshing native plugins compatible for Editor in 0.49 ms, found 0 plugins.
Preloading 0 native plugins for Editor in 0.00 ms.
Invoked RoslynAnalysisRunner static constructor.
RoslynAnalysisRunner will not be running.
RoslynAnalysisRunner has terminated.
Mono: successfully reloaded assembly
- Completed reload, in  0.785 seconds
Platform modules already initialized, skipping
Shader 'Universal Render Pipeline/Particles/Lit': fallback shader 'Universal Render Pipeline/Particles/SimpleLit' not found
Refreshing native plugins compatible for Editor in 0.49 ms, found 0 plugins.
Preloading 0 native plugins for Editor in 0.00 ms.
Unloading 2420 Unused Serialized files (Serialized files now loaded: 0)
System memory in use before: 113.6 MB.
System memory in use after: 113.8 MB.

Unloading 6 unused Assets to reduce memory usage. Loaded Objects now: 2986.
Total: 2.205600 ms (FindLiveObjects: 0.304400 ms CreateObjectMapping: 0.061300 ms MarkObjects: 1.822100 ms  DeleteObjects: 0.016600 ms)

========================================================================
Received Import Request.
  Time since last request: 50.701875 seconds.
  path: Assets/Scripts/Helper/Singleton.cs
  artifactKey: Guid(8eb1533d61569f74d916a2451b3d3763) Importer(815301076,1909f56bfc062723c751e8b465ee728b)
Start importing Assets/Scripts/Helper/Singleton.cs using Guid(8eb1533d61569f74d916a2451b3d3763) Importer(815301076,1909f56bfc062723c751e8b465ee728b)  -> (artifact id: 'db3efcb53dd9e2f42cf6b20d223c985e') in 0.005586 seconds
  Import took 0.009399 seconds .

========================================================================
Received Import Request.
  Time since last request: 10.462459 seconds.
  path: Assets/Scripts/Managers
  artifactKey: Guid(bfcff8e31bb6a0d41a076ddd5c8dbdc2) Importer(815301076,1909f56bfc062723c751e8b465ee728b)
Start importing Assets/Scripts/Managers using Guid(bfcff8e31bb6a0d41a076ddd5c8dbdc2) Importer(815301076,1909f56bfc062723c751e8b465ee728b)  -> (artifact id: 'a0d4567beb01ce9e31319a5eab3b693c') in 0.012575 seconds
  Import took 0.024054 seconds .

========================================================================
Received Import Request.
  Time since last request: 15.035923 seconds.
  path: Assets/Scripts/Managers/SoundManager.cs
  artifactKey: Guid(07e65a62014042b489ff41f8e3254b31) Importer(815301076,1909f56bfc062723c751e8b465ee728b)
Start importing Assets/Scripts/Managers/SoundManager.cs using Guid(07e65a62014042b489ff41f8e3254b31) Importer(815301076,1909f56bfc062723c751e8b465ee728b)  -> (artifact id: '39466c74a197f2440fe9259dfe23eed5') in 0.007467 seconds
  Import took 0.011996 seconds .

========================================================================
Received Prepare
Registering precompiled user dll's ...
Registered in 0.001492 seconds.
Begin MonoManager ReloadAssembly
Native extension for WindowsStandalone target not found
Refreshing native plugins compatible for Editor in 0.49 ms, found 0 plugins.
Preloading 0 native plugins for Editor in 0.00 ms.
Invoked RoslynAnalysisRunner static constructor.
RoslynAnalysisRunner will not be running.
RoslynAnalysisRunner has terminated.
Mono: successfully reloaded assembly
- Completed reload, in  0.810 seconds
Platform modules already initialized, skipping
Shader 'Universal Render Pipeline/Particles/Lit': fallback shader 'Universal Render Pipeline/Particles/SimpleLit' not found
Refreshing native plugins compatible for Editor in 0.47 ms, found 0 plugins.
Preloading 0 native plugins for Editor in 0.00 ms.
Unloading 2421 Unused Serialized files (Serialized files now loaded: 0)
System memory in use before: 113.6 MB.
System memory in use after: 113.8 MB.

Unloading 6 unused Assets to reduce memory usage. Loaded Objects now: 2989.
Total: 1.859100 ms (FindLiveObjects: 0.254100 ms CreateObjectMapping: 0.061100 ms MarkObjects: 1.528800 ms  DeleteObjects: 0.014500 ms)

========================================================================
Received Prepare
Registering precompiled user dll's ...
Registered in 0.001334 seconds.
Begin MonoManager ReloadAssembly
Native extension for WindowsStandalone target not found
Refreshing native plugins compatible for Editor in 0.48 ms, found 0 plugins.
Preloading 0 native plugins for Editor in 0.00 ms.
Invoked RoslynAnalysisRunner static constructor.
RoslynAnalysisRunner will not be running.
RoslynAnalysisRunner has terminated.
Mono: successfully reloaded assembly
- Completed reload, in  0.772 seconds
Platform modules already initialized, skipping
Shader 'Universal Render Pipeline/Particles/Lit': fallback shader 'Universal Render Pipeline/Particles/SimpleLit' not found
Refreshing native plugins compatible for Editor in 0.49 ms, found 0 plugins.
Preloading 0 native plugins for Editor in 0.00 ms.
Unloading 2421 Unused Serialized files (Serialized files now loaded: 0)
System memory in use before: 113.7 MB.
System memory in use after: 113.9 MB.

Unloading 6 unused Assets to reduce memory usage. Loaded Objects now: 2991.
Total: 2.209100 ms (FindLiveObjects: 0.300000 ms CreateObjectMapping: 0.063300 ms MarkObjects: 1.830300 ms  DeleteObjects: 0.014800 ms)

========================================================================
Received Import Request.
  Time since last request: 53.283214 seconds.
  path: Assets/Scripts/Managers/SoundManager.cs
  artifactKey: Guid(07e65a62014042b489ff41f8e3254b31) Importer(815301076,1909f56bfc062723c751e8b465ee728b)
Start importing Assets/Scripts/Managers/SoundManager.cs using Guid(07e65a62014042b489ff41f8e3254b31) Importer(815301076,1909f56bfc062723c751e8b465ee728b)  -> (artifact id: '944bd27dc55dc9f2b3412062259e8335') in 0.005658 seconds
  Import took 0.009468 seconds .

========================================================================
Received Import Request.
  Time since last request: 23.768573 seconds.
  path: Assets/Audio
  artifactKey: Guid(a799ea7d387414144857d1ba80d1f14e) Importer(815301076,1909f56bfc062723c751e8b465ee728b)
Start importing Assets/Audio using Guid(a799ea7d387414144857d1ba80d1f14e) Importer(815301076,1909f56bfc062723c751e8b465ee728b)  -> (artifact id: '41a27bc2be75b9062f4354ab50eea936') in 0.013345 seconds
  Import took 0.021463 seconds .

========================================================================
Received Import Request.
  Time since last request: 122.159529 seconds.
  path: Assets/Audio/Sahne1AuidoMixer.mixer
  artifactKey: Guid(9fed5201d2ccde54db7f95235a131c54) Importer(815301076,1909f56bfc062723c751e8b465ee728b)
Start importing Assets/Audio/Sahne1AuidoMixer.mixer using Guid(9fed5201d2ccde54db7f95235a131c54) Importer(815301076,1909f56bfc062723c751e8b465ee728b)  -> (artifact id: 'b82c6446fdb6107f58a3e13bf4667819') in 0.032697 seconds
  Import took 0.038620 seconds .

========================================================================
Received Import Request.
  Time since last request: 16.314153 seconds.
  path: Assets/Audio/Musiz.mixer
  artifactKey: Guid(9c680905527710549b6c18424410d1ce) Importer(815301076,1909f56bfc062723c751e8b465ee728b)
Start importing Assets/Audio/Musiz.mixer using Guid(9c680905527710549b6c18424410d1ce) Importer(815301076,1909f56bfc062723c751e8b465ee728b)  -> (artifact id: '8027843cce8148acd13c1a4f07b5a815') in 0.019029 seconds
  Import took 0.025422 seconds .

========================================================================
Received Import Request.
  Time since last request: 12.597689 seconds.
  path: Assets/Audio/Sahne1AuidoMixer.mixer
  artifactKey: Guid(9fed5201d2ccde54db7f95235a131c54) Importer(815301076,1909f56bfc062723c751e8b465ee728b)
Start importing Assets/Audio/Sahne1AuidoMixer.mixer using Guid(9fed5201d2ccde54db7f95235a131c54) Importer(815301076,1909f56bfc062723c751e8b465ee728b)  -> (artifact id: '8dbaf1104c59f28426d8075fbf51c8f6') in 0.035890 seconds
  Import took 0.041055 seconds .

========================================================================
Received Import Request.
  Time since last request: 0.123855 seconds.
  path: Assets/Audio/Sahne1AuidoMixer.mixer
  artifactKey: Guid(9fed5201d2ccde54db7f95235a131c54) Importer(815301076,1909f56bfc062723c751e8b465ee728b)
Start importing Assets/Audio/Sahne1AuidoMixer.mixer using Guid(9fed5201d2ccde54db7f95235a131c54) Importer(815301076,1909f56bfc062723c751e8b465ee728b)  -> (artifact id: '8dbaf1104c59f28426d8075fbf51c8f6') in 0.003353 seconds
  Import took 0.007303 seconds .

========================================================================
Received Import Request.
  Time since last request: 5.569841 seconds.
  path: Assets/Audio/Sahne1AuidoMixer.mixer
  artifactKey: Guid(9fed5201d2ccde54db7f95235a131c54) Importer(815301076,1909f56bfc062723c751e8b465ee728b)
Start importing Assets/Audio/Sahne1AuidoMixer.mixer using Guid(9fed5201d2ccde54db7f95235a131c54) Importer(815301076,1909f56bfc062723c751e8b465ee728b)  -> (artifact id: '936acadff4479fb1df80dfaeeba61d71') in 0.028134 seconds
  Import took 0.033022 seconds .

========================================================================
Received Prepare
Registering precompiled user dll's ...
Registered in 0.001250 seconds.
Begin MonoManager ReloadAssembly
Native extension for WindowsStandalone target not found
Refreshing native plugins compatible for Editor in 0.48 ms, found 0 plugins.
Preloading 0 native plugins for Editor in 0.00 ms.
Invoked RoslynAnalysisRunner static constructor.
RoslynAnalysisRunner will not be running.
RoslynAnalysisRunner has terminated.
Mono: successfully reloaded assembly
- Completed reload, in  0.724 seconds
Platform modules already initialized, skipping
Shader 'Universal Render Pipeline/Particles/Lit': fallback shader 'Universal Render Pipeline/Particles/SimpleLit' not found
Refreshing native plugins compatible for Editor in 0.50 ms, found 0 plugins.
Preloading 0 native plugins for Editor in 0.00 ms.
Unloading 2421 Unused Serialized files (Serialized files now loaded: 0)
System memory in use before: 113.7 MB.
System memory in use after: 113.9 MB.

Unloading 6 unused Assets to reduce memory usage. Loaded Objects now: 2993.
Total: 2.607500 ms (FindLiveObjects: 0.374000 ms CreateObjectMapping: 0.074100 ms MarkObjects: 2.135700 ms  DeleteObjects: 0.022500 ms)

========================================================================
Received Prepare
Registering precompiled user dll's ...
Registered in 0.001200 seconds.
Begin MonoManager ReloadAssembly
Native extension for WindowsStandalone target not found
Refreshing native plugins compatible for Editor in 0.48 ms, found 0 plugins.
Preloading 0 native plugins for Editor in 0.00 ms.
Invoked RoslynAnalysisRunner static constructor.
RoslynAnalysisRunner will not be running.
RoslynAnalysisRunner has terminated.
Mono: successfully reloaded assembly
- Completed reload, in  0.727 seconds
Platform modules already initialized, skipping
Shader 'Universal Render Pipeline/Particles/Lit': fallback shader 'Universal Render Pipeline/Particles/SimpleLit' not found
Refreshing native plugins compatible for Editor in 0.50 ms, found 0 plugins.
Preloading 0 native plugins for Editor in 0.00 ms.
Unloading 2421 Unused Serialized files (Serialized files now loaded: 0)
System memory in use before: 113.7 MB.
System memory in use after: 113.9 MB.

Unloading 6 unused Assets to reduce memory usage. Loaded Objects now: 2995.
Total: 1.971100 ms (FindLiveObjects: 0.312100 ms CreateObjectMapping: 0.061700 ms MarkObjects: 1.583200 ms  DeleteObjects: 0.013100 ms)

========================================================================
Received Prepare
Registering precompiled user dll's ...
Registered in 0.001185 seconds.
Begin MonoManager ReloadAssembly
Native extension for WindowsStandalone target not found
Refreshing native plugins compatible for Editor in 0.91 ms, found 0 plugins.
Preloading 0 native plugins for Editor in 0.00 ms.
Invoked RoslynAnalysisRunner static constructor.
RoslynAnalysisRunner will not be running.
RoslynAnalysisRunner has terminated.
Mono: successfully reloaded assembly
- Completed reload, in  0.871 seconds
Platform modules already initialized, skipping
Shader 'Universal Render Pipeline/Particles/Lit': fallback shader 'Universal Render Pipeline/Particles/SimpleLit' not found
Refreshing native plugins compatible for Editor in 0.49 ms, found 0 plugins.
Preloading 0 native plugins for Editor in 0.00 ms.
Unloading 2421 Unused Serialized files (Serialized files now loaded: 0)
System memory in use before: 113.7 MB.
System memory in use after: 113.9 MB.

Unloading 6 unused Assets to reduce memory usage. Loaded Objects now: 2997.
Total: 2.035900 ms (FindLiveObjects: 0.307200 ms CreateObjectMapping: 0.062400 ms MarkObjects: 1.650200 ms  DeleteObjects: 0.015200 ms)

========================================================================
Received Prepare
Registering precompiled user dll's ...
Registered in 0.001349 seconds.
Begin MonoManager ReloadAssembly
Native extension for WindowsStandalone target not found
Refreshing native plugins compatible for Editor in 0.61 ms, found 0 plugins.
Preloading 0 native plugins for Editor in 0.00 ms.
Invoked RoslynAnalysisRunner static constructor.
RoslynAnalysisRunner will not be running.
RoslynAnalysisRunner has terminated.
Mono: successfully reloaded assembly
- Completed reload, in  0.866 seconds
Platform modules already initialized, skipping
Shader 'Universal Render Pipeline/Particles/Lit': fallback shader 'Universal Render Pipeline/Particles/SimpleLit' not found
Refreshing native plugins compatible for Editor in 0.51 ms, found 0 plugins.
Preloading 0 native plugins for Editor in 0.00 ms.
Unloading 2468 Unused Serialized files (Serialized files now loaded: 0)
System memory in use before: 116.3 MB.
System memory in use after: 115.9 MB.

Unloading 19 unused Assets to reduce memory usage. Loaded Objects now: 3033.
Total: 2.510400 ms (FindLiveObjects: 0.356700 ms CreateObjectMapping: 0.065200 ms MarkObjects: 1.797500 ms  DeleteObjects: 0.289600 ms)

========================================================================
Received Prepare
Registering precompiled user dll's ...
Registered in 0.001357 seconds.
Begin MonoManager ReloadAssembly
Native extension for WindowsStandalone target not found
Refreshing native plugins compatible for Editor in 0.55 ms, found 0 plugins.
Preloading 0 native plugins for Editor in 0.00 ms.
Invoked RoslynAnalysisRunner static constructor.
RoslynAnalysisRunner will not be running.
RoslynAnalysisRunner has terminated.
Mono: successfully reloaded assembly
- Completed reload, in  0.789 seconds
Platform modules already initialized, skipping
Shader 'Universal Render Pipeline/Particles/Lit': fallback shader 'Universal Render Pipeline/Particles/SimpleLit' not found
Refreshing native plugins compatible for Editor in 0.53 ms, found 0 plugins.
Preloading 0 native plugins for Editor in 0.00 ms.
Unloading 2468 Unused Serialized files (Serialized files now loaded: 0)
System memory in use before: 116.4 MB.
System memory in use after: 116.0 MB.

Unloading 19 unused Assets to reduce memory usage. Loaded Objects now: 3035.
Total: 2.364400 ms (FindLiveObjects: 0.319000 ms CreateObjectMapping: 0.064100 ms MarkObjects: 1.656100 ms  DeleteObjects: 0.323900 ms)

========================================================================
Received Prepare
Registering precompiled user dll's ...
Registered in 0.001332 seconds.
Begin MonoManager ReloadAssembly
Native extension for WindowsStandalone target not found
Refreshing native plugins compatible for Editor in 0.53 ms, found 0 plugins.
Preloading 0 native plugins for Editor in 0.00 ms.
Invoked RoslynAnalysisRunner static constructor.
RoslynAnalysisRunner will not be running.
RoslynAnalysisRunner has terminated.
Mono: successfully reloaded assembly
- Completed reload, in  0.844 seconds
Platform modules already initialized, skipping
Shader 'Universal Render Pipeline/Particles/Lit': fallback shader 'Universal Render Pipeline/Particles/SimpleLit' not found
Refreshing native plugins compatible for Editor in 0.50 ms, found 0 plugins.
Preloading 0 native plugins for Editor in 0.00 ms.
Unloading 2468 Unused Serialized files (Serialized files now loaded: 0)
System memory in use before: 116.4 MB.
System memory in use after: 116.0 MB.

Unloading 19 unused Assets to reduce memory usage. Loaded Objects now: 3037.
Total: 2.330700 ms (FindLiveObjects: 0.327700 ms CreateObjectMapping: 0.062900 ms MarkObjects: 1.602200 ms  DeleteObjects: 0.337000 ms)

========================================================================
Received Import Request.
  Time since last request: 2475.189570 seconds.
  path: Assets/Models/Player
  artifactKey: Guid(002d7ffe19d910f429efb66aa3fdee36) Importer(815301076,1909f56bfc062723c751e8b465ee728b)
Start importing Assets/Models/Player using Guid(002d7ffe19d910f429efb66aa3fdee36) Importer(815301076,1909f56bfc062723c751e8b465ee728b)  -> (artifact id: '63ffeae23183786626441431964a89ae') in 0.016882 seconds
  Import took 0.022929 seconds .

========================================================================
Received Import Request.
  Time since last request: 130.069141 seconds.
  path: Assets/Models/Player/oldman.fbx
  artifactKey: Guid(fcbe5b0861dee314f8a578b03a8b252e) Importer(815301076,1909f56bfc062723c751e8b465ee728b)
Start importing Assets/Models/Player/oldman.fbx using Guid(fcbe5b0861dee314f8a578b03a8b252e) Importer(815301076,1909f56bfc062723c751e8b465ee728b)  -> (artifact id: '96abdccfcbaa30e058b74871ff810e23') in 0.065282 seconds
  Import took 0.070683 seconds .

========================================================================
Received Import Request.
  Time since last request: 18.578954 seconds.
  path: Assets/Models/Player/oldman.fbx
  artifactKey: Guid(fcbe5b0861dee314f8a578b03a8b252e) Importer(815301076,1909f56bfc062723c751e8b465ee728b)
Start importing Assets/Models/Player/oldman.fbx using Guid(fcbe5b0861dee314f8a578b03a8b252e) Importer(815301076,1909f56bfc062723c751e8b465ee728b)  -> (artifact id: 'c695ee37e3a2a9208123677a41482da3') in 0.015145 seconds
  Import took 0.020531 seconds .

========================================================================
Received Import Request.
  Time since last request: 32.265306 seconds.
  path: Assets/Models/Player/oldman.fbx
  artifactKey: Guid(fcbe5b0861dee314f8a578b03a8b252e) Importer(815301076,1909f56bfc062723c751e8b465ee728b)
Start importing Assets/Models/Player/oldman.fbx using Guid(fcbe5b0861dee314f8a578b03a8b252e) Importer(815301076,1909f56bfc062723c751e8b465ee728b)  -> (artifact id: '35264085b590164f54ecef8d2c0d70fe') in 0.011342 seconds
  Import took 0.016838 seconds .

========================================================================
Received Import Request.
  Time since last request: 201.746495 seconds.
  path: Assets/Models/Player/oldman_lp.blend
  artifactKey: Guid(ff70d0302d6e4a54894e75eeaedb8096) Importer(815301076,1909f56bfc062723c751e8b465ee728b)
Start importing Assets/Models/Player/oldman_lp.blend using Guid(ff70d0302d6e4a54894e75eeaedb8096) Importer(815301076,1909f56bfc062723c751e8b465ee728b)  -> (artifact id: '3c588a68d8ac1e0d254030af83008912') in 0.469189 seconds
  Import took 0.474902 seconds .

========================================================================
Received Import Request.
  Time since last request: 10.582353 seconds.
  path: Assets/Models/Player/oldman_lp.blend
  artifactKey: Guid(ff70d0302d6e4a54894e75eeaedb8096) Importer(815301076,1909f56bfc062723c751e8b465ee728b)
Start importing Assets/Models/Player/oldman_lp.blend using Guid(ff70d0302d6e4a54894e75eeaedb8096) Importer(815301076,1909f56bfc062723c751e8b465ee728b)  -> (artifact id: '01f04937f7227049570265425acec5d5') in 0.251362 seconds
  Import took 0.256800 seconds .

========================================================================
Received Import Request.
  Time since last request: 12.198788 seconds.
  path: Assets/Models/Player/oldman_lp.blend
  artifactKey: Guid(ff70d0302d6e4a54894e75eeaedb8096) Importer(815301076,1909f56bfc062723c751e8b465ee728b)
Start importing Assets/Models/Player/oldman_lp.blend using Guid(ff70d0302d6e4a54894e75eeaedb8096) Importer(815301076,1909f56bfc062723c751e8b465ee728b)  -> (artifact id: '31b181821696175eb29666d2257d34f0') in 0.262459 seconds
  Import took 0.267608 seconds .

========================================================================
Received Import Request.
  Time since last request: 263.849671 seconds.
  path: Assets/Models/Player/oldman_lp.blend
  artifactKey: Guid(ff70d0302d6e4a54894e75eeaedb8096) Importer(815301076,1909f56bfc062723c751e8b465ee728b)
Start importing Assets/Models/Player/oldman_lp.blend using Guid(ff70d0302d6e4a54894e75eeaedb8096) Importer(815301076,1909f56bfc062723c751e8b465ee728b)  -> (artifact id: '7f4f04739241798f0c90e0280d232523') in 0.278438 seconds
  Import took 0.284152 seconds .

========================================================================
Received Import Request.
  Time since last request: 14.645926 seconds.
  path: Assets/Models/Player/oldman_lp.blend
  artifactKey: Guid(ff70d0302d6e4a54894e75eeaedb8096) Importer(815301076,1909f56bfc062723c751e8b465ee728b)
Start importing Assets/Models/Player/oldman_lp.blend using Guid(ff70d0302d6e4a54894e75eeaedb8096) Importer(815301076,1909f56bfc062723c751e8b465ee728b)  -> (artifact id: 'ffbcbab37ecaa0db264457f44ba7c0fa') in 0.263805 seconds
  Import took 0.269122 seconds .

========================================================================
Received Import Request.
  Time since last request: 11.342792 seconds.
  path: Assets/Models/Player/oldman_lp.blend
  artifactKey: Guid(ff70d0302d6e4a54894e75eeaedb8096) Importer(815301076,1909f56bfc062723c751e8b465ee728b)
Start importing Assets/Models/Player/oldman_lp.blend using Guid(ff70d0302d6e4a54894e75eeaedb8096) Importer(815301076,1909f56bfc062723c751e8b465ee728b)  -> (artifact id: '7841cf3dbc794f077678fed15b260d93') in 0.290046 seconds
  Import took 0.295147 seconds .

========================================================================
Received Import Request.
  Time since last request: 27.458973 seconds.
  path: Assets/Models/Player/oldman_lp.blend
  artifactKey: Guid(ff70d0302d6e4a54894e75eeaedb8096) Importer(815301076,1909f56bfc062723c751e8b465ee728b)
Start importing Assets/Models/Player/oldman_lp.blend using Guid(ff70d0302d6e4a54894e75eeaedb8096) Importer(815301076,1909f56bfc062723c751e8b465ee728b)  -> (artifact id: '5ab9a7c82179a2ca58a9f4be26a4b4bd') in 0.285198 seconds
  Import took 0.291675 seconds .

========================================================================
Received Import Request.
  Time since last request: 103.612682 seconds.
  path: Assets/Models/Player/oldman_lp.blend
  artifactKey: Guid(ff70d0302d6e4a54894e75eeaedb8096) Importer(815301076,1909f56bfc062723c751e8b465ee728b)
Start importing Assets/Models/Player/oldman_lp.blend using Guid(ff70d0302d6e4a54894e75eeaedb8096) Importer(815301076,1909f56bfc062723c751e8b465ee728b)  -> (artifact id: 'e51155fd0795e229a541d357034f9be8') in 0.317231 seconds
  Import took 0.324590 seconds .

========================================================================
Received Import Request.
  Time since last request: 86.960534 seconds.
  path: Assets/Models/Player/oldman.fbx
  artifactKey: Guid(fcbe5b0861dee314f8a578b03a8b252e) Importer(815301076,1909f56bfc062723c751e8b465ee728b)
Start importing Assets/Models/Player/oldman.fbx using Guid(fcbe5b0861dee314f8a578b03a8b252e) Importer(815301076,1909f56bfc062723c751e8b465ee728b)  -> (artifact id: 'ac8be52eaf487bd16a31bb56d0854065') in 0.013270 seconds
  Import took 0.018512 seconds .

========================================================================
Received Import Request.
  Time since last request: 100.452128 seconds.
  path: Assets/Models/Player/oldman.fbx
  artifactKey: Guid(fcbe5b0861dee314f8a578b03a8b252e) Importer(815301076,1909f56bfc062723c751e8b465ee728b)
Start importing Assets/Models/Player/oldman.fbx using Guid(fcbe5b0861dee314f8a578b03a8b252e) Importer(815301076,1909f56bfc062723c751e8b465ee728b)  -> (artifact id: '5708910cbec54c41a18d5cdb6f5bce7b') in 0.039693 seconds
  Import took 0.043736 seconds .

========================================================================
Received Import Request.
  Time since last request: 231.932564 seconds.
  path: Assets/Models/Player/oldman.fbx
  artifactKey: Guid(fcbe5b0861dee314f8a578b03a8b252e) Importer(815301076,1909f56bfc062723c751e8b465ee728b)
Start importing Assets/Models/Player/oldman.fbx using Guid(fcbe5b0861dee314f8a578b03a8b252e) Importer(815301076,1909f56bfc062723c751e8b465ee728b)  -> (artifact id: 'afbcf5d42a9cfba3b618a4ff2b88a5a4') in 0.013968 seconds
  Import took 0.019461 seconds .

========================================================================
Received Import Request.
  Time since last request: 17.597137 seconds.
  path: Assets/Models/Player/oldman.fbx
  artifactKey: Guid(fcbe5b0861dee314f8a578b03a8b252e) Importer(815301076,1909f56bfc062723c751e8b465ee728b)
Start importing Assets/Models/Player/oldman.fbx using Guid(fcbe5b0861dee314f8a578b03a8b252e) Importer(815301076,1909f56bfc062723c751e8b465ee728b)  -> (artifact id: 'c186e41bb9ae790c9d83f58b9259c55e') in 0.010894 seconds
  Import took 0.015687 seconds .

========================================================================
Received Import Request.
  Time since last request: 0.016709 seconds.
  path: Assets/Models/Player/oldman.fbx
  artifactKey: Guid(fcbe5b0861dee314f8a578b03a8b252e) Importer(815301076,1909f56bfc062723c751e8b465ee728b)
Start importing Assets/Models/Player/oldman.fbx using Guid(fcbe5b0861dee314f8a578b03a8b252e) Importer(815301076,1909f56bfc062723c751e8b465ee728b)  -> (artifact id: 'c186e41bb9ae790c9d83f58b9259c55e') in 0.010333 seconds
  Import took 0.015826 seconds .

========================================================================
Received Import Request.
  Time since last request: 104.193617 seconds.
  path: Assets/Models/Player/oldman.fbx
  artifactKey: Guid(fcbe5b0861dee314f8a578b03a8b252e) Importer(815301076,1909f56bfc062723c751e8b465ee728b)
Start importing Assets/Models/Player/oldman.fbx using Guid(fcbe5b0861dee314f8a578b03a8b252e) Importer(815301076,1909f56bfc062723c751e8b465ee728b)  -> (artifact id: 'e71354a96a179c063b55d32da86ad35a') in 0.051835 seconds
  Import took 0.058081 seconds .

========================================================================
Received Import Request.
  Time since last request: 14.655510 seconds.
  path: Assets/Models/Player/oldman.fbx
  artifactKey: Guid(fcbe5b0861dee314f8a578b03a8b252e) Importer(815301076,1909f56bfc062723c751e8b465ee728b)
Start importing Assets/Models/Player/oldman.fbx using Guid(fcbe5b0861dee314f8a578b03a8b252e) Importer(815301076,1909f56bfc062723c751e8b465ee728b)  -> (artifact id: 'b30a346f68474ba1eac9cf99c4a1f0a4') in 0.052163 seconds
  Import took 0.058466 seconds .

========================================================================
Received Import Request.
  Time since last request: 7.926692 seconds.
  path: Assets/Models/Player/oldman.fbx
  artifactKey: Guid(fcbe5b0861dee314f8a578b03a8b252e) Importer(815301076,1909f56bfc062723c751e8b465ee728b)
Start importing Assets/Models/Player/oldman.fbx using Guid(fcbe5b0861dee314f8a578b03a8b252e) Importer(815301076,1909f56bfc062723c751e8b465ee728b)  -> (artifact id: '2c1d7245fd52b3d089376a0196c808cf') in 0.060028 seconds
  Import took 0.064880 seconds .

========================================================================
Received Import Request.
  Time since last request: 35.003958 seconds.
  path: Assets/Models/Player/oldman.fbx
  artifactKey: Guid(fcbe5b0861dee314f8a578b03a8b252e) Importer(815301076,1909f56bfc062723c751e8b465ee728b)
Start importing Assets/Models/Player/oldman.fbx using Guid(fcbe5b0861dee314f8a578b03a8b252e) Importer(815301076,1909f56bfc062723c751e8b465ee728b)  -> (artifact id: '10cc4a4a8d86d89d0503ddd3e4d68d5b') in 0.055051 seconds
  Import took 0.060799 seconds .

========================================================================
Received Import Request.
  Time since last request: 148.451231 seconds.
  path: Assets/Models/Player/oldman.fbx
  artifactKey: Guid(fcbe5b0861dee314f8a578b03a8b252e) Importer(815301076,1909f56bfc062723c751e8b465ee728b)
Start importing Assets/Models/Player/oldman.fbx using Guid(fcbe5b0861dee314f8a578b03a8b252e) Importer(815301076,1909f56bfc062723c751e8b465ee728b)  -> (artifact id: '17ebe0e8db2cb25975a2aa3f0be3f58a') in 0.014753 seconds
  Import took 0.020792 seconds .

========================================================================
Received Import Request.
  Time since last request: 6.491675 seconds.
  path: Assets/Models/Player/oldman.fbx
  artifactKey: Guid(fcbe5b0861dee314f8a578b03a8b252e) Importer(815301076,1909f56bfc062723c751e8b465ee728b)
Start importing Assets/Models/Player/oldman.fbx using Guid(fcbe5b0861dee314f8a578b03a8b252e) Importer(815301076,1909f56bfc062723c751e8b465ee728b)  -> (artifact id: '038a02e7c7d94d41e20ccf546609a54c') in 0.013659 seconds
  Import took 0.018960 seconds .

========================================================================
Received Import Request.
  Time since last request: 5.221725 seconds.
  path: Assets/Models/Player/oldman.fbx
  artifactKey: Guid(fcbe5b0861dee314f8a578b03a8b252e) Importer(815301076,1909f56bfc062723c751e8b465ee728b)
Start importing Assets/Models/Player/oldman.fbx using Guid(fcbe5b0861dee314f8a578b03a8b252e) Importer(815301076,1909f56bfc062723c751e8b465ee728b)  -> (artifact id: '9a911ce8214372e7c5d14a589bbc3578') in 0.010190 seconds
  Import took 0.014830 seconds .

========================================================================
Received Import Request.
  Time since last request: 22.158578 seconds.
  path: Assets/Models/Player/oldman.fbx
  artifactKey: Guid(fcbe5b0861dee314f8a578b03a8b252e) Importer(815301076,1909f56bfc062723c751e8b465ee728b)
Start importing Assets/Models/Player/oldman.fbx using Guid(fcbe5b0861dee314f8a578b03a8b252e) Importer(815301076,1909f56bfc062723c751e8b465ee728b)  -> (artifact id: 'd93aeccd661e0ace8b74fd9fd6a1341d') in 0.014266 seconds
  Import took 0.019780 seconds .

========================================================================
Received Import Request.
  Time since last request: 103.597614 seconds.
  path: Assets/Models/Player/oldman.blend
  artifactKey: Guid(44112aa59350996408367b8da1f339d3) Importer(815301076,1909f56bfc062723c751e8b465ee728b)
Start importing Assets/Models/Player/oldman.blend using Guid(44112aa59350996408367b8da1f339d3) Importer(815301076,1909f56bfc062723c751e8b465ee728b)  -> (artifact id: 'c3c12554b03fc94feea8c03b524a8983') in 0.297355 seconds
  Import took 0.304170 seconds .

========================================================================
Received Import Request.
  Time since last request: 41.062111 seconds.
  path: Assets/Models/Player/oldman.blend
  artifactKey: Guid(44112aa59350996408367b8da1f339d3) Importer(815301076,1909f56bfc062723c751e8b465ee728b)
Start importing Assets/Models/Player/oldman.blend using Guid(44112aa59350996408367b8da1f339d3) Importer(815301076,1909f56bfc062723c751e8b465ee728b)  -> (artifact id: '6cf982ee70639543e8967b576a41da95') in 0.263035 seconds
  Import took 0.270653 seconds .

========================================================================
Received Import Request.
  Time since last request: 9.680545 seconds.
  path: Assets/Models/Player/oldman.blend
  artifactKey: Guid(44112aa59350996408367b8da1f339d3) Importer(815301076,1909f56bfc062723c751e8b465ee728b)
Start importing Assets/Models/Player/oldman.blend using Guid(44112aa59350996408367b8da1f339d3) Importer(815301076,1909f56bfc062723c751e8b465ee728b)  -> (artifact id: '23eb89c5ae6f1bfa79b72b9ced7b701a') in 0.301788 seconds
  Import took 0.307181 seconds .

========================================================================
Received Import Request.
  Time since last request: 416.085564 seconds.
  path: Assets/Models/Player/oldman.fbx
  artifactKey: Guid(fcbe5b0861dee314f8a578b03a8b252e) Importer(815301076,1909f56bfc062723c751e8b465ee728b)
Start importing Assets/Models/Player/oldman.fbx using Guid(fcbe5b0861dee314f8a578b03a8b252e) Importer(815301076,1909f56bfc062723c751e8b465ee728b)  -> (artifact id: '474fe68e756020d33946880d25ca71d5') in 0.360817 seconds
  Import took 0.367088 seconds .

========================================================================
Received Import Request.
  Time since last request: 34.934675 seconds.
  path: Assets/Models/Player/oldman.fbx
  artifactKey: Guid(fcbe5b0861dee314f8a578b03a8b252e) Importer(815301076,1909f56bfc062723c751e8b465ee728b)
Start importing Assets/Models/Player/oldman.fbx using Guid(fcbe5b0861dee314f8a578b03a8b252e) Importer(815301076,1909f56bfc062723c751e8b465ee728b)  -> (artifact id: 'c7c777e9e097fa31613268b6fcf04575') in 0.322744 seconds
  Import took 0.329523 seconds .

========================================================================
Received Import Request.
  Time since last request: 95.410221 seconds.
  path: Assets/Models/Player/oldman.fbx
  artifactKey: Guid(fcbe5b0861dee314f8a578b03a8b252e) Importer(815301076,1909f56bfc062723c751e8b465ee728b)
Start importing Assets/Models/Player/oldman.fbx using Guid(fcbe5b0861dee314f8a578b03a8b252e) Importer(815301076,1909f56bfc062723c751e8b465ee728b)  -> (artifact id: '6b8a71b9970980351c5dc1929de39800') in 0.015849 seconds
  Import took 0.021342 seconds .

========================================================================
Received Import Request.
  Time since last request: 0.001222 seconds.
  path: Assets/Models/Player/oldman.fbx
  artifactKey: Guid(fcbe5b0861dee314f8a578b03a8b252e) Importer(815301076,1909f56bfc062723c751e8b465ee728b)
Start importing Assets/Models/Player/oldman.fbx using Guid(fcbe5b0861dee314f8a578b03a8b252e) Importer(815301076,1909f56bfc062723c751e8b465ee728b)  -> (artifact id: '6b8a71b9970980351c5dc1929de39800') in 0.014192 seconds
  Import took 0.020169 seconds .

========================================================================
Received Import Request.
  Time since last request: 24.877989 seconds.
  path: Assets/Models/Player/oldman.fbx
  artifactKey: Guid(fcbe5b0861dee314f8a578b03a8b252e) Importer(815301076,1909f56bfc062723c751e8b465ee728b)
Start importing Assets/Models/Player/oldman.fbx using Guid(fcbe5b0861dee314f8a578b03a8b252e) Importer(815301076,1909f56bfc062723c751e8b465ee728b)  -> (artifact id: '65724912ea05659e9645242f5caffe88') in 0.011257 seconds
  Import took 0.015957 seconds .

========================================================================
Received Import Request.
  Time since last request: 47.095297 seconds.
  path: Assets/Models/Player/oldman.fbx
  artifactKey: Guid(fcbe5b0861dee314f8a578b03a8b252e) Importer(815301076,1909f56bfc062723c751e8b465ee728b)
Start importing Assets/Models/Player/oldman.fbx using Guid(fcbe5b0861dee314f8a578b03a8b252e) Importer(815301076,1909f56bfc062723c751e8b465ee728b)  -> (artifact id: '55980371c7549e9b4b83d9f12c6a92a5') in 0.034620 seconds
  Import took 0.039166 seconds .

AssetImportWorkerClient::OnTransportError - code=2 error=End of file
